<?xml version="1.0" encoding="UTF-8"?>
<testng-results skipped="1" failed="0" total="1" passed="0">
  <reporter-output>
  </reporter-output>
  <suite name="Default suite" duration-ms="18" started-at="2018-02-27T05:02:03Z" finished-at="2018-02-27T05:02:03Z">
    <groups>
    </groups>
    <test name="Default test" duration-ms="18" started-at="2018-02-27T05:02:03Z" finished-at="2018-02-27T05:02:03Z">
      <class name="com.Dineout.Test.LaunchApp">
        <test-method status="FAIL" signature="createReport()[pri:0, instance:com.Dineout.Test.LaunchApp@754ba872]" name="createReport" is-config="true" duration-ms="0" started-at="2018-02-27T10:32:02Z" finished-at="2018-02-27T10:32:02Z">
          <exception class="java.lang.NoClassDefFoundError">
            <message>
              <![CDATA[freemarker/template/TemplateModelException]]>
            </message>
            <full-stacktrace>
              <![CDATA[java.lang.NoClassDefFoundError: freemarker/template/TemplateModelException
	at com.relevantcodes.extentreports.ExtentReports.<init>(ExtentReports.java:86)
	at com.relevantcodes.extentreports.ExtentReports.<init>(ExtentReports.java:420)
	at com.Dineout.Generic.WebGenericBaseTest.createReport(WebGenericBaseTest.java:28)
	at sun.reflect.NativeMethodAccessorImpl.invoke0(Native Method)
	at sun.reflect.NativeMethodAccessorImpl.invoke(NativeMethodAccessorImpl.java:62)
	at sun.reflect.DelegatingMethodAccessorImpl.invoke(DelegatingMethodAccessorImpl.java:43)
	at java.lang.reflect.Method.invoke(Method.java:498)
	at org.testng.internal.MethodInvocationHelper.invokeMethod(MethodInvocationHelper.java:86)
	at org.testng.internal.Invoker.invokeConfigurationMethod(Invoker.java:514)
	at org.testng.internal.Invoker.invokeConfigurations(Invoker.java:215)
	at org.testng.internal.Invoker.invokeConfigurations(Invoker.java:142)
	at org.testng.SuiteRunner.privateRun(SuiteRunner.java:305)
	at org.testng.SuiteRunner.run(SuiteRunner.java:268)
	at org.testng.SuiteRunnerWorker.runSuite(SuiteRunnerWorker.java:52)
	at org.testng.SuiteRunnerWorker.run(SuiteRunnerWorker.java:86)
	at org.testng.TestNG.runSuitesSequentially(TestNG.java:1244)
	at org.testng.TestNG.runSuitesLocally(TestNG.java:1169)
	at org.testng.TestNG.run(TestNG.java:1064)
	at org.testng.remote.AbstractRemoteTestNG.run(AbstractRemoteTestNG.java:132)
	at org.testng.remote.RemoteTestNG.initAndRun(RemoteTestNG.java:230)
	at org.testng.remote.RemoteTestNG.main(RemoteTestNG.java:76)
Caused by: java.lang.ClassNotFoundException: freemarker.template.TemplateModelException
	at java.net.URLClassLoader.findClass(URLClassLoader.java:381)
	at java.lang.ClassLoader.loadClass(ClassLoader.java:424)
	at sun.misc.Launcher$AppClassLoader.loadClass(Launcher.java:335)
	at java.lang.ClassLoader.loadClass(ClassLoader.java:357)
	... 21 more
]]>
            </full-stacktrace>
          </exception> <!-- java.lang.NoClassDefFoundError -->
          <reporter-output>
          </reporter-output>
        </test-method> <!-- createReport -->
        <test-method status="SKIP" signature="openApplication()[pri:0, instance:com.Dineout.Test.LaunchApp@754ba872]" name="openApplication" is-config="true" duration-ms="0" started-at="2018-02-27T10:32:03Z" finished-at="2018-02-27T10:32:03Z">
          <reporter-output>
          </reporter-output>
        </test-method> <!-- openApplication -->
        <test-method status="SKIP" signature="launch()[pri:0, instance:com.Dineout.Test.LaunchApp@754ba872]" name="launch" duration-ms="1" started-at="2018-02-27T10:32:03Z" finished-at="2018-02-27T10:32:03Z">
          <reporter-output>
          </reporter-output>
        </test-method> <!-- launch -->
        <test-method status="SKIP" signature="closeApplication()[pri:0, instance:com.Dineout.Test.LaunchApp@754ba872]" name="closeApplication" is-config="true" duration-ms="0" started-at="2018-02-27T10:32:03Z" finished-at="2018-02-27T10:32:03Z">
          <reporter-output>
          </reporter-output>
        </test-method> <!-- closeApplication -->
        <test-method status="SKIP" signature="flushReport()[pri:0, instance:com.Dineout.Test.LaunchApp@754ba872]" name="flushReport" is-config="true" duration-ms="0" started-at="2018-02-27T10:32:03Z" finished-at="2018-02-27T10:32:03Z">
          <reporter-output>
          </reporter-output>
        </test-method> <!-- flushReport -->
      </class> <!-- com.Dineout.Test.LaunchApp -->
    </test> <!-- Default test -->
  </suite> <!-- Default suite -->
</testng-results>
